<?xml version="1.0" encoding="UTF-8"?>
<!-- Generated by org.testng.reporters.JUnitXMLReporter -->
<testsuite hostname="DESKTOP-NKG6J0Q" ignored="0" name="Test1" tests="5" failures="0" timestamp="22 Jan 2021 06:23:35 GMT" time="29.331" errors="0">
  <testcase name="loginPageLogoTest" time="0.209" classname="com.TestCases.LoginPageTest"/>
  <testcase name="loginPagevalidtest" time="0.012" classname="com.TestCases.LoginPageTest"/>
  <testcase name="logintest" time="5.233" classname="com.TestCases.LoginPageTest"/>
  <testcase name="logintest" time="7.982" classname="com.TestCases.LoginPageTest"/>
  <testcase name="logintest" time="4.63" classname="com.TestCases.LoginPageTest"/>
</testsuite> <!-- Test1 -->
