<?xml version="1.0" encoding="UTF-8"?>
<testsuite name="TestSuite" time="156.752" tests="19" errors="0" skipped="0" failures="1">
  <properties>
[...]
</properties>
  <testcase name="loginPageLogoTest" classname="com.TestCases.LoginPageTest" time="0.212"/>
  <testcase name="loginPagevalidtest" classname="com.TestCases.LoginPageTest" time="0.014"/>
  <testcase name="logintest" classname="com.TestCases.LoginPageTest" time="5.232"/>
  <testcase name="logintest" classname="com.TestCases.LoginPageTest" time="7.983"/>
  <testcase name="logintest" classname="com.TestCases.LoginPageTest" time="4.636"/>
  <testcase name="verifyemployeepagelbeltest" classname="com.TestCases.AddemployeePageTest" time="26.745"/>
  <testcase name="addemployeepagetest" classname="com.TestCases.AddemployeePageTest" time="45.677"/>
  <testcase name="addemployeepagetest" classname="com.TestCases.AddemployeePageTest" time="42.986"/>
  <testcase name="addemployeepagetest" classname="com.TestCases.AddemployeePageTest" time="42.942"/>
  <testcase name="addemployeepagetest" classname="com.TestCases.AddemployeePageTest" time="42.694"/>
  <testcase name="addemployeepagetest" classname="com.TestCases.AddemployeePageTest" time="42.716"/>
  <testcase name="addempleelistlabletest" classname="com.TestCases.EmployeepagelistTest" time="12.269"/>
  <testcase name="empleelistTest" classname="com.TestCases.EmployeepagelistTest" time="20.862">
    <failure message="The workbook already contains a sheet of this name" type="java.lang.IllegalArgumentException">java.lang.IllegalArgumentException: The workbook already contains a sheet of this name
	at org.apache.poi.xssf.usermodel.XSSFWorkbook.createSheet(XSSFWorkbook.java:650)
	at com.Page.Employeelistpage.getelistOfEmployees(Employeelistpage.java:46)
	at com.TestCases.EmployeepagelistTest.empleelistTest(EmployeepagelistTest.java:52)
</failure>
    <system-out><![CDATA[20
]]></system-out>
  </testcase>
  <testcase name="homepagevalidatioontest" classname="com.TestCases.HomePageTest" time="0.051"/>
  <testcase name="adminPAgeTest" classname="com.TestCases.HomePageTest" time="1.516"/>
  <testcase name="pimPageTest" classname="com.TestCases.HomePageTest" time="0.872"/>
  <testcase name="recruitementPageTest" classname="com.TestCases.HomePageTest" time="1.859"/>
  <testcase name="verifyaddemployeetest" classname="com.TestCases.HomePageTest" time="30.685"/>
  <testcase name="verifyemployeelistTest" classname="com.TestCases.HomePageTest" time="10.758"/>
</testsuite>