<?xml version="1.0" encoding="UTF-8"?>
<testng-results skipped="0" failed="1" ignored="0" total="19" passed="18">
  <reporter-output>
  </reporter-output>
  <suite name="Suite" duration-ms="392462" started-at="2021-01-22T06:23:05Z" finished-at="2021-01-22T06:29:38Z">
    <groups>
    </groups>
    <test name="Test1" duration-ms="29331" started-at="2021-01-22T06:23:05Z" finished-at="2021-01-22T06:23:35Z">
      <class name="com.TestCases.LoginPageTest">
        <test-method status="PASS" signature="setup()[pri:0, instance:com.TestCases.LoginPageTest@60f82f98]" name="setup" is-config="true" duration-ms="7358" started-at="2021-01-22T06:23:05Z" finished-at="2021-01-22T06:23:13Z">
          <reporter-output>
          </reporter-output>
        </test-method> <!-- setup -->
        <test-method status="PASS" signature="loginPageLogoTest()[pri:1, instance:com.TestCases.LoginPageTest@60f82f98]" name="loginPageLogoTest" duration-ms="209" started-at="2021-01-22T06:23:13Z" finished-at="2021-01-22T06:23:13Z">
          <reporter-output>
          </reporter-output>
        </test-method> <!-- loginPageLogoTest -->
        <test-method status="PASS" signature="loginPagevalidtest()[pri:2, instance:com.TestCases.LoginPageTest@60f82f98]" name="loginPagevalidtest" duration-ms="12" started-at="2021-01-22T06:23:13Z" finished-at="2021-01-22T06:23:13Z">
          <reporter-output>
          </reporter-output>
        </test-method> <!-- loginPagevalidtest -->
        <test-method status="PASS" signature="logintest(java.lang.String, java.lang.String)[pri:3, instance:com.TestCases.LoginPageTest@60f82f98]" name="logintest" duration-ms="5233" started-at="2021-01-22T06:23:15Z" data-provider="getDATA" finished-at="2021-01-22T06:23:20Z">
          <params>
            <param index="0">
              <value>
                <![CDATA[admin]]>
              </value>
            </param>
            <param index="1">
              <value>
                <![CDATA[admin@123]]>
              </value>
            </param>
          </params>
          <reporter-output>
          </reporter-output>
        </test-method> <!-- logintest -->
        <test-method status="PASS" signature="logintest(java.lang.String, java.lang.String)[pri:3, instance:com.TestCases.LoginPageTest@60f82f98]" name="logintest" duration-ms="7982" started-at="2021-01-22T06:23:20Z" data-provider="getDATA" finished-at="2021-01-22T06:23:28Z">
          <params>
            <param index="0">
              <value>
                <![CDATA[mahesh]]>
              </value>
            </param>
            <param index="1">
              <value>
                <![CDATA[mahesh_01]]>
              </value>
            </param>
          </params>
          <reporter-output>
          </reporter-output>
        </test-method> <!-- logintest -->
        <test-method status="PASS" signature="logintest(java.lang.String, java.lang.String)[pri:3, instance:com.TestCases.LoginPageTest@60f82f98]" name="logintest" duration-ms="4630" started-at="2021-01-22T06:23:28Z" data-provider="getDATA" finished-at="2021-01-22T06:23:33Z">
          <params>
            <param index="0">
              <value>
                <![CDATA[abcd]]>
              </value>
            </param>
            <param index="1">
              <value>
                <![CDATA[abcdef]]>
              </value>
            </param>
          </params>
          <reporter-output>
          </reporter-output>
        </test-method> <!-- logintest -->
        <test-method status="PASS" signature="tearDown()[pri:0, instance:com.TestCases.LoginPageTest@60f82f98]" name="tearDown" is-config="true" duration-ms="2109" started-at="2021-01-22T06:23:33Z" finished-at="2021-01-22T06:23:35Z">
          <reporter-output>
          </reporter-output>
        </test-method> <!-- tearDown -->
      </class> <!-- com.TestCases.LoginPageTest -->
    </test> <!-- Test1 -->
    <test name="Test2" duration-ms="257159" started-at="2021-01-22T06:23:35Z" finished-at="2021-01-22T06:27:52Z">
      <class name="com.TestCases.AddemployeePageTest">
        <test-method status="PASS" signature="setup()[pri:0, instance:com.TestCases.AddemployeePageTest@17550481]" name="setup" is-config="true" duration-ms="11611" started-at="2021-01-22T06:23:35Z" finished-at="2021-01-22T06:23:46Z">
          <reporter-output>
          </reporter-output>
        </test-method> <!-- setup -->
        <test-method status="PASS" signature="verifyemployeepagelbeltest()[pri:1, instance:com.TestCases.AddemployeePageTest@17550481]" name="verifyemployeepagelbeltest" duration-ms="26751" started-at="2021-01-22T06:23:46Z" finished-at="2021-01-22T06:24:13Z">
          <reporter-output>
          </reporter-output>
        </test-method> <!-- verifyemployeepagelbeltest -->
        <test-method status="PASS" signature="addemployeepagetest(java.lang.String, java.lang.String)[pri:2, instance:com.TestCases.AddemployeePageTest@17550481]" name="addemployeepagetest" duration-ms="45676" started-at="2021-01-22T06:24:13Z" data-provider="getaddempdata" finished-at="2021-01-22T06:24:59Z">
          <params>
            <param index="0">
              <value>
                <![CDATA[mahesh]]>
              </value>
            </param>
            <param index="1">
              <value>
                <![CDATA[ch]]>
              </value>
            </param>
          </params>
          <reporter-output>
          </reporter-output>
        </test-method> <!-- addemployeepagetest -->
        <test-method status="PASS" signature="addemployeepagetest(java.lang.String, java.lang.String)[pri:2, instance:com.TestCases.AddemployeePageTest@17550481]" name="addemployeepagetest" duration-ms="42985" started-at="2021-01-22T06:24:59Z" data-provider="getaddempdata" finished-at="2021-01-22T06:25:42Z">
          <params>
            <param index="0">
              <value>
                <![CDATA[suresh]]>
              </value>
            </param>
            <param index="1">
              <value>
                <![CDATA[hah]]>
              </value>
            </param>
          </params>
          <reporter-output>
          </reporter-output>
        </test-method> <!-- addemployeepagetest -->
        <test-method status="PASS" signature="addemployeepagetest(java.lang.String, java.lang.String)[pri:2, instance:com.TestCases.AddemployeePageTest@17550481]" name="addemployeepagetest" duration-ms="42944" started-at="2021-01-22T06:25:42Z" data-provider="getaddempdata" finished-at="2021-01-22T06:26:25Z">
          <params>
            <param index="0">
              <value>
                <![CDATA[nagaa]]>
              </value>
            </param>
            <param index="1">
              <value>
                <![CDATA[cfsfsjk]]>
              </value>
            </param>
          </params>
          <reporter-output>
          </reporter-output>
        </test-method> <!-- addemployeepagetest -->
        <test-method status="PASS" signature="addemployeepagetest(java.lang.String, java.lang.String)[pri:2, instance:com.TestCases.AddemployeePageTest@17550481]" name="addemployeepagetest" duration-ms="42694" started-at="2021-01-22T06:26:25Z" data-provider="getaddempdata" finished-at="2021-01-22T06:27:07Z">
          <params>
            <param index="0">
              <value>
                <![CDATA[dfsh]]>
              </value>
            </param>
            <param index="1">
              <value>
                <![CDATA[hari]]>
              </value>
            </param>
          </params>
          <reporter-output>
          </reporter-output>
        </test-method> <!-- addemployeepagetest -->
        <test-method status="PASS" signature="addemployeepagetest(java.lang.String, java.lang.String)[pri:2, instance:com.TestCases.AddemployeePageTest@17550481]" name="addemployeepagetest" duration-ms="42716" started-at="2021-01-22T06:27:07Z" data-provider="getaddempdata" finished-at="2021-01-22T06:27:50Z">
          <params>
            <param index="0">
              <value>
                <![CDATA[great]]>
              </value>
            </param>
            <param index="1">
              <value>
                <![CDATA[nani]]>
              </value>
            </param>
          </params>
          <reporter-output>
          </reporter-output>
        </test-method> <!-- addemployeepagetest -->
        <test-method status="PASS" signature="tearDown()[pri:0, instance:com.TestCases.AddemployeePageTest@17550481]" name="tearDown" is-config="true" duration-ms="1699" started-at="2021-01-22T06:27:50Z" finished-at="2021-01-22T06:27:52Z">
          <reporter-output>
          </reporter-output>
        </test-method> <!-- tearDown -->
      </class> <!-- com.TestCases.AddemployeePageTest -->
    </test> <!-- Test2 -->
    <test name="Test3" duration-ms="46763" started-at="2021-01-22T06:27:52Z" finished-at="2021-01-22T06:28:39Z">
      <class name="com.TestCases.EmployeepagelistTest">
        <test-method status="PASS" signature="setup()[pri:0, instance:com.TestCases.EmployeepagelistTest@5315b42e]" name="setup" is-config="true" duration-ms="12238" started-at="2021-01-22T06:27:52Z" finished-at="2021-01-22T06:28:04Z">
          <reporter-output>
          </reporter-output>
        </test-method> <!-- setup -->
        <test-method status="PASS" signature="addempleelistlabletest()[pri:1, instance:com.TestCases.EmployeepagelistTest@5315b42e]" name="addempleelistlabletest" duration-ms="12275" started-at="2021-01-22T06:28:04Z" finished-at="2021-01-22T06:28:16Z">
          <reporter-output>
          </reporter-output>
        </test-method> <!-- addempleelistlabletest -->
        <test-method status="FAIL" signature="empleelistTest()[pri:2, instance:com.TestCases.EmployeepagelistTest@5315b42e]" name="empleelistTest" duration-ms="20847" started-at="2021-01-22T06:28:16Z" finished-at="2021-01-22T06:28:37Z">
          <exception class="java.lang.IllegalArgumentException">
            <message>
              <![CDATA[The workbook already contains a sheet of this name]]>
            </message>
            <full-stacktrace>
              <![CDATA[java.lang.IllegalArgumentException: The workbook already contains a sheet of this name
at org.apache.poi.xssf.usermodel.XSSFWorkbook.createSheet(XSSFWorkbook.java:650)
at com.Page.Employeelistpage.getelistOfEmployees(Employeelistpage.java:46)
at com.TestCases.EmployeepagelistTest.empleelistTest(EmployeepagelistTest.java:52)
at sun.reflect.NativeMethodAccessorImpl.invoke0(Native Method)
at sun.reflect.NativeMethodAccessorImpl.invoke(Unknown Source)
at sun.reflect.DelegatingMethodAccessorImpl.invoke(Unknown Source)
at java.lang.reflect.Method.invoke(Unknown Source)
at org.testng.internal.MethodInvocationHelper.invokeMethod(MethodInvocationHelper.java:124)
at org.testng.internal.Invoker.invokeMethod(Invoker.java:583)
at org.testng.internal.Invoker.invokeTestMethod(Invoker.java:719)
at org.testng.internal.Invoker.invokeTestMethods(Invoker.java:989)
at org.testng.internal.TestMethodWorker.invokeTestMethods(TestMethodWorker.java:125)
at org.testng.internal.TestMethodWorker.run(TestMethodWorker.java:109)
at org.testng.TestRunner.privateRun(TestRunner.java:648)
at org.testng.TestRunner.run(TestRunner.java:505)
at org.testng.SuiteRunner.runTest(SuiteRunner.java:455)
at org.testng.SuiteRunner.runSequentially(SuiteRunner.java:450)
at org.testng.SuiteRunner.privateRun(SuiteRunner.java:415)
at org.testng.SuiteRunner.run(SuiteRunner.java:364)
at org.testng.SuiteRunnerWorker.runSuite(SuiteRunnerWorker.java:52)
at org.testng.SuiteRunnerWorker.run(SuiteRunnerWorker.java:84)
at org.testng.TestNG.runSuitesSequentially(TestNG.java:1208)
at org.testng.TestNG.runSuitesLocally(TestNG.java:1137)
at org.testng.TestNG.runSuites(TestNG.java:1049)
at org.testng.TestNG.run(TestNG.java:1017)
at org.apache.maven.surefire.testng.TestNGExecutor.run(TestNGExecutor.java:295)
at org.apache.maven.surefire.testng.TestNGXmlTestSuite.execute(TestNGXmlTestSuite.java:84)
at org.apache.maven.surefire.testng.TestNGProvider.invoke(TestNGProvider.java:90)
at org.apache.maven.surefire.booter.ForkedBooter.invokeProviderInSameClassLoader(ForkedBooter.java:203)
at org.apache.maven.surefire.booter.ForkedBooter.runSuitesInProcess(ForkedBooter.java:155)
at org.apache.maven.surefire.booter.ForkedBooter.main(ForkedBooter.java:103)
]]>
            </full-stacktrace>
          </exception> <!-- java.lang.IllegalArgumentException -->
          <reporter-output>
          </reporter-output>
        </test-method> <!-- empleelistTest -->
        <test-method status="PASS" signature="teardown()[pri:0, instance:com.TestCases.EmployeepagelistTest@5315b42e]" name="teardown" is-config="true" duration-ms="1387" started-at="2021-01-22T06:28:37Z" finished-at="2021-01-22T06:28:39Z">
          <reporter-output>
          </reporter-output>
        </test-method> <!-- teardown -->
      </class> <!-- com.TestCases.EmployeepagelistTest -->
    </test> <!-- Test3 -->
    <test name="Test4" duration-ms="59145" started-at="2021-01-22T06:28:39Z" finished-at="2021-01-22T06:29:38Z">
      <class name="com.TestCases.HomePageTest">
        <test-method status="PASS" signature="extentReports()[pri:0, instance:com.TestCases.HomePageTest@77b52d12]" name="extentReports" is-config="true" duration-ms="210" started-at="2021-01-22T06:23:05Z" finished-at="2021-01-22T06:23:05Z">
          <reporter-output>
          </reporter-output>
        </test-method> <!-- extentReports -->
        <test-method status="PASS" signature="setup()[pri:0, instance:com.TestCases.HomePageTest@77b52d12]" name="setup" is-config="true" duration-ms="11797" started-at="2021-01-22T06:28:39Z" finished-at="2021-01-22T06:28:50Z">
          <reporter-output>
          </reporter-output>
        </test-method> <!-- setup -->
        <test-method status="PASS" signature="homepagevalidatioontest()[pri:1, instance:com.TestCases.HomePageTest@77b52d12]" name="homepagevalidatioontest" duration-ms="52" started-at="2021-01-22T06:28:50Z" finished-at="2021-01-22T06:28:51Z">
          <reporter-output>
          </reporter-output>
        </test-method> <!-- homepagevalidatioontest -->
        <test-method status="PASS" signature="adminPAgeTest()[pri:2, instance:com.TestCases.HomePageTest@77b52d12]" name="adminPAgeTest" duration-ms="1514" started-at="2021-01-22T06:28:51Z" finished-at="2021-01-22T06:28:52Z">
          <reporter-output>
          </reporter-output>
        </test-method> <!-- adminPAgeTest -->
        <test-method status="PASS" signature="pimPageTest()[pri:3, instance:com.TestCases.HomePageTest@77b52d12]" name="pimPageTest" duration-ms="873" started-at="2021-01-22T06:28:52Z" finished-at="2021-01-22T06:28:53Z">
          <reporter-output>
          </reporter-output>
        </test-method> <!-- pimPageTest -->
        <test-method status="PASS" signature="recruitementPageTest()[pri:4, instance:com.TestCases.HomePageTest@77b52d12]" name="recruitementPageTest" duration-ms="1859" started-at="2021-01-22T06:28:53Z" finished-at="2021-01-22T06:28:55Z">
          <reporter-output>
          </reporter-output>
        </test-method> <!-- recruitementPageTest -->
        <test-method status="PASS" signature="verifyaddemployeetest()[pri:5, instance:com.TestCases.HomePageTest@77b52d12]" name="verifyaddemployeetest" duration-ms="30684" started-at="2021-01-22T06:28:55Z" finished-at="2021-01-22T06:29:25Z">
          <reporter-output>
          </reporter-output>
        </test-method> <!-- verifyaddemployeetest -->
        <test-method status="PASS" signature="verifyemployeelistTest()[pri:6, instance:com.TestCases.HomePageTest@77b52d12]" name="verifyemployeelistTest" duration-ms="10759" started-at="2021-01-22T06:29:25Z" finished-at="2021-01-22T06:29:36Z">
          <reporter-output>
          </reporter-output>
        </test-method> <!-- verifyemployeelistTest -->
        <test-method status="PASS" signature="tearDown()[pri:0, instance:com.TestCases.HomePageTest@77b52d12]" name="tearDown" is-config="true" duration-ms="1603" started-at="2021-01-22T06:29:36Z" finished-at="2021-01-22T06:29:38Z">
          <reporter-output>
          </reporter-output>
        </test-method> <!-- tearDown -->
      </class> <!-- com.TestCases.HomePageTest -->
    </test> <!-- Test4 -->
  </suite> <!-- Suite -->
</testng-results>
