<?xml version="1.0" encoding="UTF-8"?>
<testng-results skipped="0" failed="0" ignored="0" total="2" passed="2">
  <reporter-output>
  </reporter-output>
  <suite name="Default suite" duration-ms="55661" started-at="2021-01-23T10:37:03Z" finished-at="2021-01-23T10:37:59Z">
    <groups>
    </groups>
    <test name="Default test" duration-ms="55661" started-at="2021-01-23T10:37:03Z" finished-at="2021-01-23T10:37:59Z">
      <class name="com.TestCases.EmployeepagelistTest">
        <test-method status="PASS" signature="extentReports()[pri:0, instance:com.TestCases.EmployeepagelistTest@13deb50e]" name="extentReports" is-config="true" duration-ms="196" started-at="2021-01-23T10:37:03Z" finished-at="2021-01-23T10:37:03Z">
          <reporter-output>
          </reporter-output>
        </test-method> <!-- extentReports -->
        <test-method status="PASS" signature="setup()[pri:0, instance:com.TestCases.EmployeepagelistTest@13deb50e]" name="setup" is-config="true" duration-ms="13095" started-at="2021-01-23T10:37:03Z" finished-at="2021-01-23T10:37:16Z">
          <reporter-output>
          </reporter-output>
        </test-method> <!-- setup -->
        <test-method status="PASS" signature="addempleelistlabletest()[pri:1, instance:com.TestCases.EmployeepagelistTest@13deb50e]" name="addempleelistlabletest" duration-ms="11017" started-at="2021-01-23T10:37:16Z" finished-at="2021-01-23T10:37:27Z">
          <reporter-output>
          </reporter-output>
        </test-method> <!-- addempleelistlabletest -->
        <test-method status="PASS" signature="getResult(org.testng.ITestResult)[pri:0, instance:com.TestCases.EmployeepagelistTest@13deb50e]" name="getResult" is-config="true" duration-ms="7" started-at="2021-01-23T10:37:27Z" finished-at="2021-01-23T10:37:27Z">
          <params>
            <param index="0">
              <value>
                <![CDATA[[TestResult name=addempleelistlabletest status=SUCCESS method=EmployeepagelistTest.addempleelistlabletest()[pri:1, instance:com.TestCases.EmployeepagelistTest@13deb50e] output={null}]]]>
              </value>
            </param>
          </params>
          <reporter-output>
          </reporter-output>
        </test-method> <!-- getResult -->
        <test-method status="PASS" signature="empleelistTest()[pri:2, instance:com.TestCases.EmployeepagelistTest@13deb50e]" name="empleelistTest" duration-ms="29503" started-at="2021-01-23T10:37:27Z" finished-at="2021-01-23T10:37:57Z">
          <reporter-output>
          </reporter-output>
        </test-method> <!-- empleelistTest -->
        <test-method status="PASS" signature="getResult(org.testng.ITestResult)[pri:0, instance:com.TestCases.EmployeepagelistTest@13deb50e]" name="getResult" is-config="true" duration-ms="1" started-at="2021-01-23T10:37:57Z" finished-at="2021-01-23T10:37:57Z">
          <params>
            <param index="0">
              <value>
                <![CDATA[[TestResult name=empleelistTest status=SUCCESS method=EmployeepagelistTest.empleelistTest()[pri:2, instance:com.TestCases.EmployeepagelistTest@13deb50e] output={null}]]]>
              </value>
            </param>
          </params>
          <reporter-output>
          </reporter-output>
        </test-method> <!-- getResult -->
        <test-method status="PASS" signature="teardown()[pri:0, instance:com.TestCases.EmployeepagelistTest@13deb50e]" name="teardown" is-config="true" duration-ms="2011" started-at="2021-01-23T10:37:57Z" finished-at="2021-01-23T10:37:59Z">
          <reporter-output>
          </reporter-output>
        </test-method> <!-- teardown -->
      </class> <!-- com.TestCases.EmployeepagelistTest -->
    </test> <!-- Default test -->
  </suite> <!-- Default suite -->
</testng-results>
